<?xml version="1.0" encoding="UTF-8"?>
<testng-results skipped="0" failed="0" ignored="0" total="1" passed="1">
  <reporter-output>
  </reporter-output>
  <suite name="Default suite" duration-ms="13456" started-at="2018-07-11T10:38:34Z" finished-at="2018-07-11T10:38:47Z">
    <groups>
    </groups>
    <test name="Default test" duration-ms="13456" started-at="2018-07-11T10:38:34Z" finished-at="2018-07-11T10:38:47Z">
      <class name="listener.ListenerTest">
        <test-method status="PASS" signature="beforeTest()[pri:0, instance:listener.ListenerTest@3ffc5af1]" name="beforeTest" is-config="true" duration-ms="15" started-at="2018-07-11T10:38:34Z" finished-at="2018-07-11T10:38:34Z">
          <reporter-output>
          </reporter-output>
        </test-method> <!-- beforeTest -->
        <test-method status="PASS" signature="browser()[pri:0, instance:listener.ListenerTest@3ffc5af1]" name="browser" duration-ms="13409" started-at="2018-07-11T10:38:34Z" finished-at="2018-07-11T10:38:47Z">
          <reporter-output>
          </reporter-output>
        </test-method> <!-- browser -->
      </class> <!-- listener.ListenerTest -->
    </test> <!-- Default test -->
  </suite> <!-- Default suite -->
</testng-results>
